-inf 4.16801 
-9.12605 6.50162 
-4.01461 4.13829 
7.02132 6.28979 
15.8215 8.73557 
25.2134 8.47159 
34.6116 8.7258 
40.0083 8.65662 
43.7914 8.79261 
43.178 8.62877 
41.0811 8.64263 
40.2533 8.409 
42.4567 9.05601 
45.9646 9.02132 
48.9618 9.17564 
47.9627 9.59643 
46.0848 9.5246 
47.8386 9.20264 
47.0773 8.80277 
44.3865 8.96008 
46.2705 9.11092 
44.0804 8.90373 
42.5929 8.33194 
37.5125 8.53234 
35.2327 8.1671 
37.4598 8.37662 
31.1854 8.82502 
26.3046 9.29314 
26.7047 9.02105 
30.5732 8.34163 
27.7309 8.40823 
26.3941 8.54403 
25.594 10.284 
24.9617 9.74704 
24.6067 9.32423 
23.2268 9.21225 
22.731 9.27881 
21.3141 9.86537 
21.3676 9.75136 
20.2743 8.68796 
20.2054 9.11556 
21.0327 8.75473 
21.958 9.49615 
19.0556 9.67044 
17.5078 9.21343 
17.2473 9.38229 
17.0767 8.91347 
17.3604 10.2465 
16.1838 9.21585 
15.8162 9.53489 
16.1069 9.72382 
15.2019 9.11369 
15.1136 9.50727 
14.8135 9.4041 
14.488 9.48421 
14.0661 8.52831 
14.145 8.77149 
13.8038 7.54129 
13.7209 8.69438 
14.6874 7.32623 
14.9865 7.10405 
14.3782 7.96394 
14.6366 7.91553 
14.5929 7.97216 
14.1068 7.92471 
14.8144 7.66849 
16.285 6.80554 
15.9895 6.92591 
14.3509 6.94862 
14.1488 6.76033 
12.5647 6.78181 
13.2616 7.04908 
13.2818 7.41166 
12.1256 7.77062 
11.9464 7.95674 
11.5902 7.36277 
10.7665 7.25625 
10.5726 7.61578 
11.0178 7.91527 
10.5235 8.29709 
10.2706 7.17499 
10.773 7.50756 
10.9733 7.68339 
11.3103 6.79239 
11.1643 7.17957 
10.9574 5.08523 
10.0074 5.77867 
9.51418 6.11583 
9.06684 5.66511 
9.04109 5.2291 
8.99506 5.9173 
10.0901 7.0835 
10.2807 7.25719 
10.7296 6.97366 
10.0151 6.51472 
10.4524 6.81376 
9.7717 6.29729 
8.95106 7.33893 
9.60479 6.2647 
8.31594 5.61435 
8.51511 5.51982 
9.74258 6.38057 
9.69886 6.35517 
9.895 5.95418 
9.88917 5.95225 
9.04236 5.83564 
9.23624 5.01535 
8.21741 4.15047 
7.94538 5.35724 
7.82122 5.74276 
8.4566 5.99298 
9.188 6.41773 
9.97036 6.73764 
10.0073 7.3915 
10.0149 7.3756 
9.9813 7.02882 
8.88662 6.01184 
8.67282 6.54325 
7.4614 5.02566 
7.20118 4.21677 
7.41868 4.83099 
8.09747 5.14288 
8.85302 5.96015 
9.1772 6.10543 
9.76467 6.83971 
9.60203 7.12263 
9.30049 6.70605 
9.05065 7.18696 
8.84701 6.645 
7.63502 5.22299 
7.58844 5.18728 
8.29721 5.6701 
8.4529 5.64457 
9.26962 5.91869 
9.61171 6.31679 
9.49191 6.54008 
9.16118 5.24994 
7.91839 5.43071 
7.59224 5.13348 
6.97961 4.26602 
7.51673 4.52737 
7.63446 4.97749 
8.93198 5.4523 
9.48019 6.81208 
9.87922 6.2508 
9.70176 6.8699 
9.58179 6.7651 
8.81086 6.26438 
7.99239 5.2837 
7.72509 4.72442 
6.79138 4.06491 
8.02678 4.42946 
7.92554 4.6881 
8.64964 5.10273 
9.40797 6.23091 
9.62662 6.35629 
9.56444 6.66077 
8.7231 6.19892 
8.31113 5.51298 
8.35061 5.77088 
8.37486 5.03522 
8.17458 5.09567 
8.89627 5.9174 
9.0247 5.00788 
9.30696 6.27349 
9.69569 5.67174 
9.28059 6.14806 
9.09852 6.19069 
8.63368 4.52528 
7.23025 4.82914 
7.96628 4.84465 
7.45564 3.82633 
8.55117 4.75547 
8.70385 4.70085 
9.73233 6.11346 
9.66129 6.17145 
10.1263 6.57731 
9.57015 6.52558 
9.4052 6.21948 
8.29425 5.4567 
7.54385 4.42073 
7.97039 4.62733 
8.04173 3.85827 
8.72743 4.5649 
9.31622 4.87191 
9.58835 5.82699 
9.34884 5.33545 
9.53166 5.97748 
9.00243 5.79714 
8.40807 5.09015 
8.31691 5.11095 
8.41253 4.5781 
8.64641 4.74294 
9.35363 4.97956 
9.57749 5.4879 
9.89006 5.69208 
9.94095 5.89976 
10.067 5.66372 
9.236 5.48491 
8.56901 4.89766 
8.01609 4.1401 
7.46679 3.53834 
8.3843 4.25936 
9.3457 4.67527 
9.83292 5.48389 
10.1041 5.56087 
10.3465 5.66834 
10.7919 6.5502 
10.7502 6.81151 
8.91775 5.12499 
8.67292 4.89219 
8.19394 3.92371 
8.4259 3.75847 
8.88474 4.37841 
9.35422 4.1884 
10.0777 5.14412 
10.0515 4.86843 
9.68299 5.1097 
9.99335 5.48972 
9.39864 5.24731 
8.54702 3.70869 
8.58352 4.22497 
8.60972 3.65361 
9.45352 4.78121 
10.0258 5.16386 
10.4159 4.94684 
10.4159 5.55684 
10.8704 6.0748 
9.76711 4.85083 
9.78963 5.29252 
8.73909 3.88683 
8.7342 4.12841 
8.63786 3.76782 
9.55328 4.23142 
9.83245 4.5575 
9.93069 4.5095 
10.5925 5.24303 
10.8947 5.25425 
10.8477 5.73006 
10.4066 5.46815 
9.67122 5.00085 
9.16142 4.67734 
9.28241 4.25099 
9.38465 3.65112 
9.40805 3.88699 
9.77238 4.00349 
10.0429 4.78793 
10.2513 4.72651 
10.5095 5.17922 
9.70722 4.92487 
9.41378 4.36126 
9.08349 4.49496 
8.64132 3.27873 
9.07605 3.78974 
9.61181 4.23445 
10.6047 4.97569 
10.4261 4.32572 
10.727 5.2939 
11.2322 5.69649 
10.7089 5.45286 
9.72551 4.21425 
9.28746 3.51799 
8.9664 3.50092 
9.08554 3.08471 
9.27074 3.50167 
9.83501 3.33412 
10.2298 4.3805 
10.8473 4.47244 
10.7795 5.11556 
10.5622 5.21235 
10.3456 4.76672 
9.6313 4.27396 
10.0841 4.87619 
9.14522 3.6917 
10.078 3.85062 
10.1213 4.03819 
10.9151 4.89217 
11.284 5.14209 
10.9812 5.00525 
10.6112 4.6932 
10.4143 3.62636 
9.53256 3.87615 
9.35851 3.88718 
9.53249 3.15411 
9.76524 3.79345 
10.4474 3.56502 
10.9278 4.77574 
11.1169 4.80024 
11.708 5.64273 
11.1837 5.09092 
11.2037 4.99481 
10.6394 4.75903 
9.80692 3.40351 
9.78242 3.67707 
9.58984 3.06322 
10.0881 3.26595 
10.6223 4.0929 
11.042 4.33593 
11.0812 4.81546 
11.24 4.41619 
10.9165 4.32098 
10.9487 4.11963 
10.1319 3.82194 
10.0735 3.6181 
10.1583 3.83929 
10.8682 4.54387 
11.0646 4.60197 
11.5534 4.61831 
11.59 5.27546 
11.7391 4.606 
10.949 4.23258 
10.8695 4.23492 
10.998 3.73657 
10.2879 3.49303 
10.0311 3.23778 
10.8594 3.66747 
10.9277 3.86937 
11.7316 4.22519 
11.9594 5.03874 
11.473 4.8048 
11.7792 4.83379 
11.5797 4.67408 
11.4332 4.38772 
10.6986 3.27561 
10.1899 1.91703 
11.0521 3.46032 
11.4105 4.14721 
11.5558 3.84027 
12.6206 5.46614 
12.0428 4.00057 
12.1443 4.56171 
11.7406 4.67532 
11.8082 4.88082 
11.0796 3.88353 
10.8904 3.5851 
11.3723 4.27861 
12.1206 4.70125 
12.6421 4.16168 
13.6384 5.78761 
13.6393 5.63925 
13.6232 6.02783 
13.1785 5.6617 
11.6741 3.70146 
11.543 3.51219 
11.5656 3.86652 
11.3206 3.1338 
11.1583 3.70144 
11.8907 3.77793 
11.6393 3.61373 
12.3435 4.0703 
12.7562 4.44471 
12.459 4.23568 
12.0506 4.26381 
11.7785 3.93389 
11.316 3.47773 
11.268 3.43807 
11.635 3.6371 
12.8015 3.46837 
12.225 3.41551 
12.6522 4.01877 
12.6522 3.45278 
12.8127 4.83296 
12.2121 3.86293 
11.6974 3.67295 
11.6987 3.39614 
11.684 3.37127 
12.2338 4.15983 
12.033 3.04622 
12.9878 3.45051 
12.9462 4.50292 
13.4252 4.31396 
14.3799 5.2389 
13.8506 4.68221 
15.1947 5.23852 
16.3333 5.45089 
16.3466 5.18754 
15.5021 5.01809 
14.8915 4.79866 
14.4758 4.91668 
14.7693 4.51197 
14.6347 4.99182 
14.8818 5.31168 
14.543 5.30066 
14.7822 5.40052 
15.0548 5.04271 
15.3367 5.05138 
14.6769 4.97578 
13.9455 4.45536 
13.8428 4.45602 
14.3889 4.89815 
14.2208 4.84512 
14.0766 4.68039 
13.9189 4.44072 
13.5101 4.303 
13.4036 4.13711 
12.665 3.59628 
13.7304 4.19847 
13.7903 4.16148 
14.2566 4.31597 
14.2203 5.01157 
14.5851 5.16278 
14.3404 4.66248 
14.5614 4.50418 
13.9387 4.62209 
12.793 3.7582 
12.4062 3.66794 
11.907 2.12555 
12.48 2.13571 
12.7034 2.68204 
13.4549 3.793 
13.8071 4.07129 
14.9021 4.64116 
16.5648 5.77756 
14.7515 4.41917 
13.2835 3.52049 
12.7798 3.86623 
13.4582 4.58717 
14.3779 4.44285 
13.8772 4.53999 
13.9753 4.42804 
13.8004 4.04715 
14.185 4.47432 
14.2445 4.74785 
13.8812 4.4176 
13.3478 4.0916 
12.5699 3.93798 
12.5754 3.63698 
12.981 3.85295 
13.2854 3.4734 
13.1607 3.02062 
13.8081 4.30417 
13.9322 4.56903 
14.3354 4.82949 
14.0694 4.6154 
13.3778 4.11332 
12.9507 3.96526 
12.5764 3.10888 
13.2415 3.5354 
13.0899 3.3438 
13.2639 3.71034 
13.5358 3.69092 
13.6388 4.07155 
13.6259 4.09803 
13.6713 3.92126 
13.1426 2.86284 
13.4225 3.94415 
13.3109 3.3013 
13.5755 3.04218 
13.7139 3.54255 
13.7769 4.7673 
13.6729 3.97798 
14.5627 4.58702 
14.0941 4.25939 
14.0696 4.64667 
13.5644 4.32913 
13.5543 4.4933 
12.7247 3.36182 
13.0571 3.04491 
13.4879 3.64421 
13.0759 2.99276 
13.6223 3.90317 
14.1412 4.6694 
14.0709 4.36555 
13.9151 4.26242 
14.4159 4.55666 
13.7745 4.55605 
13.5633 3.10826 
13.2916 3.14284 
13.2539 3.3546 
13.4584 3.56008 
13.3069 2.89126 
14.2031 3.6134 
14.0914 4.04743 
13.8519 4.48472 
13.9885 4.16601 
13.5013 3.69366 
13.3784 3.53943 
12.6852 3.04544 
13.3772 3.60181 
13.2492 3.74665 
13.7935 3.69372 
14.1441 4.22802 
14.3134 4.75023 
14.4332 3.58203 
14.056 3.68558 
13.5623 3.03286 
13.135 3.01537 
13.1335 3.16022 
13.0769 1.83744 
13.6651 2.20989 
13.8286 3.87306 
14.1064 3.99586 
14.0371 3.99753 
14.348 3.67999 
13.8665 4.0443 
13.8302 4.2267 
14.0403 4.52724 
13.282 3.64095 
12.8247 3.22459 
13.0349 2.57446 
13.6686 3.71986 
13.9604 3.77395 
13.7678 3.57921 
14.1907 3.42967 
13.6549 -2.22646 
13.6828 -3.65408 
13.2588 -0.8124 
12.9978 2.67186 
12.9653 2.66901 
13.0063 2.73329 
13.4667 2.61865 
14.2001 3.71881 
