-inf -inf inf
-8.8284 -inf inf
-3.76699 -inf inf
6.79517 -inf inf
16.4122 -inf inf
26.5887 -inf inf
31.5547 -inf inf
37.83 -inf inf
41.8787 -inf inf
41.5187 -inf inf
40.2371 -inf inf
38.6785 -inf inf
41.3943 -inf inf
48.5259 -inf inf
49.9949 -inf inf
47.6877 -inf inf
45.1273 -inf inf
45.6268 -inf inf
45.8539 -inf inf
43.0976 -inf inf
42.6386 -inf inf
41.4509 -inf inf
41.3622 -inf inf
38.6533 -inf inf
35.9024 -inf inf
36.3215 -inf inf
30.6208 -inf inf
26.2947 -inf inf
26.9964 -inf inf
28.8862 -inf inf
27.8908 -inf inf
27.0541 -inf inf
24.71 -inf inf
25.1107 -inf inf
23.9005 -inf inf
22.2257 -inf inf
20.9979 -inf inf
20.8927 -inf inf
20.2509 -inf inf
19.0374 -inf inf
20.064 -inf inf
20.4861 -inf inf
20.6696 -inf inf
18.4793 -inf inf
17.3631 -inf inf
17.3608 -inf inf
17.1668 -inf inf
16.853 -inf inf
16.3944 -inf inf
16.4201 -inf inf
15.8674 -inf inf
14.8164 -inf inf
14.4208 -inf inf
14.0306 -inf inf
14.0717 -inf inf
14.0318 -inf inf
14.4324 -inf inf
14.7705 -inf inf
15.3646 -inf inf
15.4614 -inf inf
15.1915 -inf inf
14.7214 -inf inf
14.6119 -inf inf
13.5612 -inf inf
15.0325 -inf inf
15.6024 -inf inf
15.3579 -inf inf
15.6879 -inf inf
14.2 -inf inf
14.2688 -inf inf
12.5484 -inf inf
12.7928 -inf inf
12.6726 -inf inf
12.4754 -inf inf
11.9956 -inf inf
11.2494 -inf inf
11.6522 -inf inf
12.5247 -inf inf
12.2335 -inf inf
12.1743 -inf inf
11.981 -inf inf
11.3719 -inf inf
11.0664 -inf inf
10.966 -inf inf
11.4915 -inf inf
12.3074 -inf inf
11.0847 -inf inf
11.576 -inf inf
11.106 -inf inf
11.7727 -inf inf
10.6587 -inf inf
11.4971 -inf inf
10.3366 -inf inf
10.7564 -inf inf
10.5265 -inf inf
10.6862 -inf inf
11.1066 -inf inf
11.242 -inf inf
11.0116 -inf inf
10.836 -inf inf
10.2901 -inf inf
10.2559 -inf inf
10.0792 -inf inf
10.3261 -inf inf
10.4266 -inf inf
10.6971 -inf inf
10.4197 -inf inf
10.4013 -inf inf
10.629 -inf inf
10.7819 -inf inf
10.6626 -inf inf
10.1114 -inf inf
10.5791 -inf inf
10.2903 -inf inf
9.82005 -inf inf
9.7982 -inf inf
9.85381 -inf inf
10.4064 -inf inf
10.0112 -inf inf
10.4241 -inf inf
10.6 -inf inf
10.5248 -inf inf
10.3135 -inf inf
10.4141 -inf inf
9.43348 -inf inf
9.96311 -inf inf
10.4604 -inf inf
10.8087 -inf inf
10.994 -inf inf
10.7243 -inf inf
9.87641 -inf inf
9.98158 -inf inf
9.45326 -inf inf
9.5468 -inf inf
9.88473 -inf inf
9.58092 -inf inf
10.3706 -inf inf
10.7386 -inf inf
10.2056 -inf inf
10.063 -inf inf
10.5594 -inf inf
10.2553 -inf inf
10.2602 -inf inf
10.2074 -inf inf
10.2635 -inf inf
9.93177 -inf inf
9.97416 -inf inf
10.1937 -inf inf
10.2536 -inf inf
9.82764 -inf inf
10.3124 -inf inf
10.6819 -inf inf
9.75411 -inf inf
10.1325 -inf inf
10.2531 -inf inf
9.71004 -inf inf
9.6263 -inf inf
10.4887 -inf inf
10.5076 -inf inf
10.8506 -inf inf
11.4436 -inf inf
11.067 -inf inf
10.2906 -inf inf
9.78116 -inf inf
9.6817 -inf inf
9.48638 -inf inf
9.79094 -inf inf
10.4546 -inf inf
10.8907 -inf inf
10.5211 -inf inf
10.5261 -inf inf
10.4084 -inf inf
10.2043 -inf inf
9.91852 -inf inf
10.3593 -inf inf
10.2028 -inf inf
10.2568 -inf inf
10.5381 -inf inf
10.4626 -inf inf
10.3617 -inf inf
10.3088 -inf inf
10.3727 -inf inf
10.1124 -inf inf
10.482 -inf inf
9.98338 -inf inf
10.2675 -inf inf
10.3912 -inf inf
10.1028 -inf inf
10.0904 -inf inf
10.657 -inf inf
10.7458 -inf inf
11.031 -inf inf
11.1055 -inf inf
10.7299 -inf inf
10.3011 -inf inf
10.0285 -inf inf
9.99655 -inf inf
9.95346 -inf inf
10.4542 -inf inf
10.5131 -inf inf
11.1058 -inf inf
10.9104 -inf inf
10.8402 -inf inf
11.0058 -inf inf
10.2706 -inf inf
10.3205 -inf inf
10.647 -inf inf
10.746 -inf inf
11.4054 -inf inf
10.8294 -inf inf
10.6132 -inf inf
10.9581 -inf inf
10.7723 -inf inf
10.3155 -inf inf
10.2852 -inf inf
10.7417 -inf inf
10.3344 -inf inf
10.939 -inf inf
11.1955 -inf inf
10.8882 -inf inf
10.7506 -inf inf
11.1245 -inf inf
11.0654 -inf inf
11.1687 -inf inf
10.8996 -inf inf
10.8947 -inf inf
10.3528 -inf inf
10.8125 -inf inf
10.8663 -inf inf
10.7969 -inf inf
10.9119 -inf inf
11.48 -inf inf
11.6329 -inf inf
11.3177 -inf inf
11.1001 -inf inf
11.1421 -inf inf
10.5498 -inf inf
10.9075 -inf inf
11.5989 -inf inf
11.2607 -inf inf
11.7021 -inf inf
11.4091 -inf inf
11.3139 -inf inf
11.1206 -inf inf
10.9758 -inf inf
10.4534 -inf inf
10.5194 -inf inf
10.8608 -inf inf
10.9832 -inf inf
11.5542 -inf inf
11.0293 -inf inf
11.4064 -inf inf
11.5878 -inf inf
11.4153 -inf inf
11.2135 -inf inf
11.4306 -inf inf
11.0463 -inf inf
10.7457 -inf inf
11.8374 -inf inf
10.8203 -inf inf
11.0822 -inf inf
10.8727 -inf inf
11.2822 -inf inf
11.8647 -inf inf
11.9877 -inf inf
11.5902 -inf inf
11.4099 -inf inf
11.2762 -inf inf
11.0174 -inf inf
11.7392 -inf inf
11.5642 -inf inf
11.466 -inf inf
12.1305 -inf inf
11.9504 -inf inf
11.0281 -inf inf
11.2614 -inf inf
11.1916 -inf inf
11.0815 -inf inf
11.0018 -inf inf
11.651 -inf inf
11.8921 -inf inf
11.754 -inf inf
11.5694 -inf inf
11.8861 -inf inf
11.4815 -inf inf
11.9531 -inf inf
11.6043 -inf inf
11.4493 -inf inf
11.2214 -inf inf
11.664 -inf inf
11.6363 -inf inf
11.8312 -inf inf
11.4132 -inf inf
11.5971 -inf inf
11.7655 -inf inf
11.6714 -inf inf
11.7347 -inf inf
11.5755 -inf inf
11.5501 -inf inf
11.4132 -inf inf
11.3142 -inf inf
12.2929 -inf inf
12.0091 -inf inf
12.4291 -inf inf
12.1428 -inf inf
11.9594 -inf inf
12.032 -inf inf
11.636 -inf inf
11.1056 -inf inf
11.5328 -inf inf
11.6031 -inf inf
12.1497 -inf inf
12.6621 -inf inf
12.5516 -inf inf
12.3359 -inf inf
12.2847 -inf inf
11.6327 -inf inf
12.3031 -inf inf
12.2652 -inf inf
12.4225 -inf inf
12.1805 -inf inf
12.4759 -inf inf
12.597 -inf inf
12.2949 -inf inf
12.4007 -inf inf
11.9103 -inf inf
12.1218 -inf inf
12.4625 -inf inf
12.3752 -inf inf
12.7459 -inf inf
12.2472 -inf inf
12.0804 -inf inf
12.3809 -inf inf
12.6221 -inf inf
12.9486 -inf inf
13.6612 -inf inf
13.8223 -inf inf
15.5598 -inf inf
15.2427 -inf inf
13.2738 -inf inf
13.2134 -inf inf
12.8063 -inf inf
13.2529 -inf inf
12.9692 -inf inf
13.066 -inf inf
13.4231 -inf inf
12.7447 -inf inf
12.5757 -inf inf
11.8773 -inf inf
12.2669 -inf inf
12.9937 -inf inf
13.0837 -inf inf
13.2648 -inf inf
12.8472 -inf inf
12.4817 -inf inf
12.8906 -inf inf
12.973 -inf inf
12.8218 -inf inf
12.0812 -inf inf
13.156 -inf inf
12.7387 -inf inf
12.978 -inf inf
13.1718 -inf inf
12.9952 -inf inf
12.5897 -inf inf
13.1036 -inf inf
13.243 -inf inf
12.8982 -inf inf
13.4632 -inf inf
13.622 -inf inf
13.438 -inf inf
13.8359 -inf inf
14.1986 -inf inf
14.6497 -inf inf
15.6214 -inf inf
16.1919 -inf inf
17.0137 -inf inf
16.5002 -inf inf
15.0855 -inf inf
15.7136 -inf inf
15.0917 -inf inf
15.9273 -inf inf
15.5704 -inf inf
16.4875 -inf inf
16.265 -inf inf
15.6584 -inf inf
15.3499 -inf inf
14.9737 -inf inf
14.0925 -inf inf
14.2358 -inf inf
14.3164 -inf inf
14.1828 -inf inf
14.5497 -inf inf
14.3423 -inf inf
14.4342 -inf inf
13.9046 -inf inf
14.9094 -inf inf
15.0466 -inf inf
15.3812 -inf inf
14.7793 -inf inf
14.3883 -inf inf
14.1339 -inf inf
14.6711 -inf inf
13.922 -inf inf
13.7361 -inf inf
13.5691 -inf inf
13.7134 -inf inf
13.8587 -inf inf
13.7719 -inf inf
14.2792 -inf inf
14.1171 -inf inf
14.6417 -inf inf
15.1418 -inf inf
14.9392 -inf inf
14.7685 -inf inf
14.544 -inf inf
14.2382 -inf inf
14.9414 -inf inf
14.393 -inf inf
14.5403 -inf inf
13.9708 -inf inf
14.0824 -inf inf
14.6748 -inf inf
15.0236 -inf inf
14.7684 -inf inf
14.5176 -inf inf
14.3754 -inf inf
14.1474 -inf inf
14.0546 -inf inf
13.8013 -inf inf
14.0554 -inf inf
13.7354 -inf inf
14.0451 -inf inf
14.4249 -inf inf
14.076 -inf inf
13.8344 -inf inf
13.9174 -inf inf
14.5494 -inf inf
13.6615 -inf inf
14.4574 -inf inf
14.1368 -inf inf
14.1367 -inf inf
13.7522 -inf inf
13.8521 -inf inf
14.0926 -inf inf
14.2591 -inf inf
14.6148 -inf inf
15.0085 -inf inf
14.3959 -inf inf
14.3189 -inf inf
14.2183 -inf inf
14.0214 -inf inf
13.5744 -inf inf
13.8943 -inf inf
14.6235 -inf inf
14.4675 -inf inf
14.8244 -inf inf
14.4674 -inf inf
15.0141 -inf inf
14.5045 -inf inf
14.1491 -inf inf
14.5434 -inf inf
14.3289 -inf inf
14.3845 -inf inf
15.0645 -inf inf
14.9339 -inf inf
14.1602 -inf inf
15.0579 -inf inf
14.7472 -inf inf
13.6683 -inf inf
13.6564 -inf inf
14.7627 -inf inf
14.0178 -inf inf
14.2256 -inf inf
14.4879 -inf inf
14.2388 -inf inf
14.6031 -inf inf
14.5671 -inf inf
14.6494 -inf inf
14.5659 -inf inf
14.4723 -inf inf
14.1886 -inf inf
14.2589 -inf inf
13.6192 -inf inf
13.8999 -inf inf
14.5597 -inf inf
14.5326 -inf inf
14.4012 -inf inf
14.834 -inf inf
15.0079 -inf inf
14.5255 -inf inf
14.5426 -inf inf
13.992 -inf inf
14.3117 -inf inf
14.5401 -inf inf
14.8196 -inf inf
14.9953 -inf inf
14.7922 -inf inf
14.6016 -inf inf
14.7377 -inf inf
14.632 -inf inf
14.1994 -inf inf
13.9016 -inf inf
14.3746 -inf inf
13.7458 -inf inf
15.0848 -inf inf
14.515 -inf inf
14.8184 -inf inf
14.2548 -inf inf
14.8792 -inf inf
14.7835 -inf inf
14.6734 -inf inf
