0.000376558
0.000451362
0.000586523
0.00090767
0.00201472
0.00592867
0.018007
0.0466805
0.0554687
0.0446716
0.0408104
0.0395832
0.0667134
0.114312
0.143458
0.0801773
0.0375639
0.0399876
0.037654
0.0263866
0.0190068
0.0127826
0.00634287
0.00303505
0.001788
0.00137866
0.00095173
0.000674551
0.000443439
0.000336018
0.000358534
0.000368401
0.000282031
0.000224288
0.000168533
0.000132592
0.00011349
0.000115848
0.000106678
8.19658e-05
7.51665e-05
6.70985e-05
6.41775e-05
5.48576e-05
4.53521e-05
3.99665e-05
3.98977e-05
3.84392e-05
3.53461e-05
3.57018e-05
3.30474e-05
3.05631e-05
3.1243e-05
2.87763e-05
2.52026e-05
2.57081e-05
2.63989e-05
2.16875e-05
2.02992e-05
2.30568e-05
1.93256e-05
1.85943e-05
1.76122e-05
1.7263e-05
1.63132e-05
1.61884e-05
1.45736e-05
1.44219e-05
1.40404e-05
1.38309e-05
1.28283e-05
1.18768e-05
1.14666e-05
9.95622e-06
1.02455e-05
1.03739e-05
9.04783e-06
8.52282e-06
8.85333e-06
9.32226e-06
8.98366e-06
9.26237e-06
8.51961e-06
8.00128e-06
8.34303e-06
7.94015e-06
7.26688e-06
7.25374e-06
7.13968e-06
6.44903e-06
6.36884e-06
6.79135e-06
5.51363e-06
5.37857e-06
5.44437e-06
5.75237e-06
5.50131e-06
5.65625e-06
5.48795e-06
5.14049e-06
5.35675e-06
5.12813e-06
4.91807e-06
4.72376e-06
4.67422e-06
4.19804e-06
4.35645e-06
4.54874e-06
3.9045e-06
3.8326e-06
3.88514e-06
4.24684e-06
3.98523e-06
4.18484e-06
4.00241e-06
3.8572e-06
3.894e-06
3.96024e-06
3.52672e-06
3.52236e-06
3.50504e-06
3.16083e-06
3.06461e-06
3.27634e-06
2.81169e-06
2.66638e-06
2.86838e-06
2.9856e-06
2.91539e-06
3.06779e-06
2.97895e-06
2.71767e-06
2.97499e-06
2.86875e-06
2.75509e-06
2.66377e-06
2.68222e-06
2.39539e-06
2.4906e-06
2.64806e-06
2.23647e-06
2.28257e-06
2.24629e-06
2.45793e-06
2.35644e-06
2.4458e-06
2.30595e-06
2.33373e-06
2.28618e-06
2.31093e-06
2.11227e-06
2.07932e-06
2.09053e-06
1.89399e-06
1.90297e-06
2.0192e-06
1.76424e-06
1.64851e-06
1.83612e-06
1.89216e-06
1.83209e-06
1.93967e-06
1.8888e-06
1.74415e-06
1.91219e-06
1.82169e-06
1.72425e-06
1.75971e-06
1.7374e-06
1.60744e-06
1.65184e-06
1.74864e-06
1.45059e-06
1.48391e-06
1.45043e-06
1.58916e-06
1.53048e-06
1.62075e-06
1.5343e-06
1.5215e-06
1.54804e-06
1.56025e-06
1.42532e-06
1.39531e-06
1.42155e-06
1.28497e-06
1.29088e-06
1.38012e-06
1.22486e-06
1.16947e-06
1.27962e-06
1.33401e-06
1.29878e-06
1.3956e-06
1.34105e-06
1.2681e-06
1.352e-06
1.31492e-06
1.21972e-06
1.26464e-06
1.26341e-06
1.15149e-06
1.15759e-06
1.25842e-06
1.05088e-06
1.05769e-06
1.04785e-06
1.13467e-06
1.10478e-06
1.14977e-06
1.12036e-06
1.0917e-06
1.13221e-06
1.11536e-06
1.06334e-06
1.01713e-06
1.05096e-06
9.64193e-07
9.68783e-07
1.04097e-06
9.22869e-07
9.0537e-07
9.71538e-07
1.01536e-06
9.85475e-07
1.05387e-06
1.00239e-06
9.93883e-07
1.00965e-06
1.01774e-06
9.43312e-07
9.55884e-07
9.53893e-07
8.8064e-07
8.7948e-07
9.42293e-07
7.89346e-07
7.73164e-07
8.35938e-07
8.74204e-07
8.45533e-07
8.95689e-07
8.73324e-07
8.3441e-07
8.94838e-07
8.60141e-07
8.43416e-07
8.11381e-07
8.35863e-07
7.74649e-07
7.97412e-07
8.31573e-07
7.29845e-07
7.27989e-07
7.37421e-07
8.47845e-07
8.18224e-07
8.34094e-07
7.8822e-07
7.83074e-07
7.78916e-07
8.11616e-07
7.34477e-07
7.60649e-07
7.77488e-07
6.90208e-07
6.91673e-07
7.5067e-07
6.40812e-07
5.99479e-07
6.6775e-07
7.08585e-07
6.95847e-07
7.45028e-07
7.287e-07
6.8563e-07
7.45195e-07
7.10127e-07
6.77683e-07
6.8467e-07
6.86159e-07
6.27105e-07
6.70764e-07
7.01234e-07
5.88658e-07
6.17892e-07
5.94709e-07
6.66881e-07
6.64087e-07
7.01542e-07
6.57226e-07
6.48929e-07
6.45246e-07
6.56183e-07
6.09935e-07
6.05469e-07
6.36525e-07
5.7404e-07
5.80818e-07
6.26225e-07
5.52649e-07
5.14567e-07
5.74594e-07
6.0463e-07
5.80982e-07
6.20478e-07
5.9592e-07
5.659e-07
6.33337e-07
6.17262e-07
5.80932e-07
5.78662e-07
5.90692e-07
5.36168e-07
5.48126e-07
5.91147e-07
4.97916e-07
5.19336e-07
5.14029e-07
5.71954e-07
5.50193e-07
5.85304e-07
5.59283e-07
5.35754e-07
5.56235e-07
5.62906e-07
5.21716e-07
5.08628e-07
5.57148e-07
6.26918e-07
6.45881e-07
5.74169e-07
5.26766e-07
4.9873e-07
5.18805e-07
6.05543e-07
6.39035e-07
6.26225e-07
5.57956e-07
5.26176e-07
5.53727e-07
5.35813e-07
5.04287e-07
5.25604e-07
5.38102e-07
4.89413e-07
4.72479e-07
5.036e-07
4.32971e-07
4.34498e-07
4.59407e-07
5.02614e-07
4.84486e-07
5.08928e-07
4.89567e-07
4.72537e-07
5.09419e-07
4.87033e-07
4.74763e-07
4.69492e-07
4.85563e-07
4.40909e-07
4.60107e-07
4.85306e-07
4.25416e-07
4.35302e-07
4.49237e-07
4.76749e-07
4.65385e-07
5.02145e-07
4.83914e-07
4.69612e-07
4.87767e-07
5.42442e-07
5.22242e-07
5.09816e-07
5.32383e-07
4.92118e-07
4.89129e-07
5.05645e-07
4.20818e-07
4.05641e-07
4.54189e-07
4.76156e-07
4.6285e-07
4.86688e-07
4.82007e-07
4.54902e-07
4.87857e-07
4.58663e-07
4.32816e-07
4.40158e-07
4.79237e-07
4.54591e-07
4.98045e-07
5.11525e-07
4.53745e-07
4.6096e-07
4.33998e-07
4.89015e-07
4.98062e-07
5.46842e-07
5.48296e-07
5.2663e-07
4.82281e-07
5.03847e-07
4.78943e-07
4.99169e-07
5.36509e-07
5.46269e-07
5.48901e-07
5.28607e-07
4.67586e-07
4.35526e-07
4.60923e-07
4.4164e-07
4.30442e-07
4.46755e-07
4.35433e-07
4.1277e-07
4.39835e-07
4.20572e-07
4.2241e-07
4.34611e-07
4.23996e-07
3.81695e-07
4.0246e-07
4.40765e-07
3.64161e-07
3.79642e-07
3.82713e-07
4.15498e-07
3.89021e-07
4.23754e-07
4.10535e-07
4.05745e-07
4.13162e-07
4.25904e-07
3.96998e-07
3.8739e-07
3.96561e-07
3.71643e-07
3.808e-07
3.932e-07
3.61788e-07
3.43472e-07
3.81573e-07
4.06524e-07
3.90664e-07
4.19428e-07
4.04818e-07
3.96635e-07
4.2656e-07
4.12367e-07
3.81854e-07
3.98158e-07
3.98492e-07
3.57318e-07
3.79309e-07
4.12787e-07
3.45507e-07
3.56746e-07
3.58656e-07
3.84009e-07
3.62645e-07
3.76423e-07
3.74807e-07
3.75599e-07
3.94838e-07
3.93475e-07
3.77046e-07
3.77479e-07
3.79982e-07
3.46077e-07
3.59251e-07
3.81367e-07
3.37914e-07
3.40786e-07
3.58511e-07
3.84321e-07
3.72256e-07
4.06631e-07
3.8578e-07
3.81927e-07
3.92761e-07
4.03709e-07
3.77253e-07
3.686e-07
3.76139e-07
3.51338e-07
3.64368e-07
3.86048e-07
3.2428e-07
3.27657e-07
3.51708e-07
3.68884e-07
3.65675e-07
3.87164e-07
3.80621e-07
3.60756e-07
3.89585e-07
3.78396e-07
3.65957e-07
3.66834e-07
3.7792e-07
3.40838e-07
3.56806e-07
3.82046e-07
3.37746e-07
3.44167e-07
3.42278e-07
3.70264e-07
