in:
(0,0) (1,0) (2,0) (3,0) (4,0) (5,0) (6,0) (7,0) 
(1,0) (2,0) (3,0) (4,0) (5,0) (6,0) (7,0) (8,0) 
(2,0) (3,0) (4,0) (5,0) (6,0) (7,0) (8,0) (9,0) 
(3,0) (4,0) (5,0) (6,0) (7,0) (8,0) (9,0) (10,0) 
(4,0) (5,0) (6,0) (7,0) (8,0) (9,0) (10,0) (11,0) 
(5,0) (6,0) (7,0) (8,0) (9,0) (10,0) (11,0) (12,0) 
(6,0) (7,0) (8,0) (9,0) (10,0) (11,0) (12,0) (13,0) 
(7,0) (8,0) (9,0) (10,0) (11,0) (12,0) (13,0) (14,0) 
(8,0) (9,0) (10,0) (11,0) (12,0) (13,0) (14,0) (15,0) 
(9,0) (10,0) (11,0) (12,0) (13,0) (14,0) (15,0) (16,0) 
(10,0) (11,0) (12,0) (13,0) (14,0) (15,0) (16,0) (17,0) 
(11,0) (12,0) (13,0) (14,0) (15,0) (16,0) (17,0) (18,0) 
(12,0) (13,0) (14,0) (15,0) (16,0) (17,0) (18,0) (19,0) 
(13,0) (14,0) (15,0) (16,0) (17,0) (18,0) (19,0) (20,0) 
(14,0) (15,0) (16,0) (17,0) (18,0) (19,0) (20,0) (21,0) 
(15,0) (16,0) (17,0) (18,0) (19,0) (20,0) (21,0) (22,0) 
out:
(28,0) (16,0) (8,0) (10,0) (4,0) (5,0) (6,0) (7,0) 
(36,0) (20,0) (10,0) (12,0) (5,0) (6,0) (7,0) (8,0) 
(44,0) (24,0) (12,0) (14,0) (6,0) (7,0) (8,0) (9,0) 
(52,0) (28,0) (14,0) (16,0) (7,0) (8,0) (9,0) (10,0) 
(60,0) (32,0) (16,0) (18,0) (8,0) (9,0) (10,0) (11,0) 
(68,0) (36,0) (18,0) (20,0) (9,0) (10,0) (11,0) (12,0) 
(76,0) (40,0) (20,0) (22,0) (10,0) (11,0) (12,0) (13,0) 
(84,0) (44,0) (22,0) (24,0) (11,0) (12,0) (13,0) (14,0) 
(92,0) (48,0) (24,0) (26,0) (12,0) (13,0) (14,0) (15,0) 
(100,0) (52,0) (26,0) (28,0) (13,0) (14,0) (15,0) (16,0) 
(108,0) (56,0) (28,0) (30,0) (14,0) (15,0) (16,0) (17,0) 
(116,0) (60,0) (30,0) (32,0) (15,0) (16,0) (17,0) (18,0) 
(124,0) (64,0) (32,0) (34,0) (16,0) (17,0) (18,0) (19,0) 
(132,0) (68,0) (34,0) (36,0) (17,0) (18,0) (19,0) (20,0) 
(140,0) (72,0) (36,0) (38,0) (18,0) (19,0) (20,0) (21,0) 
(148,0) (76,0) (38,0) (40,0) (19,0) (20,0) (21,0) (22,0) 
