-inf
6.48337
18.6704
24.7138
25.9429
23.3966
18.7723
15.5745
14.2827
15.1527
19.2163
22.8134
24.8675
25.2693
25.603
27.4033
28.7396
29.7477
30.2583
28.862
25.1428
21.4718
22.1382
23.257
23.804
26.0901
29.6916
32.2978
33.7594
34.2662
33.5265
31.3813
28.2012
26.0622
27.7246
31.8622
34.8872
35.3136
32.9104
28.6685
29.0577
32.0161
33.042
32.4578
31.6504
31.9377
31.8986
31.0307
31.8921
32.7273
31.1542
30.4944
34.7053
37.5717
37.6679
35.4104
32.635
31.2989
31.0097
32.3505
33.6463
34.6292
36.2526
37.4173
36.7475
34.383
33.6268
36.9397
39.7067
39.7868
37.3197
34.3405
36.8196
39.7922
40.2539
38.4383
35.7746
34.6634
34.5428
34.4488
35.1171
36.6491
38.4199
39.1196
38.497
39.7169
41.8631
42.4361
41.4111
40.9533
41.6274
41.3917
40.4492
38.9835
38.2808
37.9939
36.6315
37.4557
40.3953
41.3242
39.6556
38.2825
40.2363
41.206
39.7021
37.7918
36.9858
35.6789
34.5913
36.144
38.3185
38.8391
37.3167
38.67
41.9956
42.8718
40.8319
37.5948
38.013
40.0842
40.8371
39.7214
37.9425
36.9123
36.1277
34.9344
33.4675
35.3118
39.5455
42.3423
42.7632
41.8864
42.7413
43.6044
42.7784
41.1168
39.5116
37.397
34.8497
33.0553
34.7597
37.8782
39.2761
38.4019
37.4545
37.6428
37.6434
39.0507
41.1657
41.5876
40.945
41.8226
42.9122
42.33
40.1038
38.4184
38.2705
38.7493
38.9168
38.7702
42.3446
47.06
49.9359
50.8614
49.8631
46.7419
42.109
39.2571
39.1068
41.5241
44.0938
44.4584
42.883
41.06
41.1591
42.5643
43.6522
43.9917
44.2142
45.0924
45.5538
46.0143
47.3132
47.3026
44.82
41.3791
40.8236
41.0399
40.7994
40.9665
42.7051
44.0905
43.8348
43.1373
44.0744
45.783
46.9288
46.9378
46.9076
47.4941
46.7993
46.2266
47.1217
48.1118
49.5253
50.1437
48.8737
45.9412
43.0634
42.4589
42.8776
43.6066
43.9377
44.4605
43.7188
41.2191
37.6864
38.5636
43.752
47.2695
48.2431
46.7617
44.8
45.9132
47.5744
47.5394
47.5839
47.2847
45.4153
44.0852
44.7237
45.8642
46.686
49.2678
52.4888
54.206
54.008
51.9526
51.0958
52.9114
53.3676
51.7109
49.7371
49.9335
49.5891
48.2535
49.3364
51.569
52.6532
52.6559
51.4791
49.7111
49.2057
49.3086
48.6344
48.2591
48.8356
47.9505
45.7186
46.9379
49.4853
49.8875
48.3757
47.1956
46.3824
44.7873
43.6809
43.6988
46.5208
50.5347
52.9205
53.5521
53.478
53.9758
53.896
52.2668
50.7267
50.6745
50.9628
50.5228
48.4222
44.5264
43.6533
48.695
52.5872
54.2888
54.0895
52.5452
50.298
47.9833
45.3702
42.3887
43.4594
47.8658
50.1896
50.1373
49.3801
48.7419
47.7281
47.0769
45.2279
43.3085
45.1962
46.3287
45.1615
44.2999
45.7351
47.6717
48.961
50.0879
52.1833
53.0245
51.7671
48.9672
46.1268
45.1411
47.5463
50.4675
51.5224
50.6939
49.1836
47.8627
47.1854
48.0902
49.6103
51.7336
53.4842
53.5913
52.8188
51.8707
51.9249
52.6413
51.5622
49.4245
47.1036
44.1816
45.4594
50.1214
53.207
54.8227
55.7469
55.9604
54.9125
52.3223
50.411
50.7934
51.3145
51.4279
50.4156
48.4912
47.3039
45.3061
42.418
42.0636
45.201
47.8461
48.5641
48.2344
48.9049
50.399
51.8098
52.2687
51.2861
49.6883
48.6416
48.4597
48.7186
48.5737
48.8495
49.3586
50.0801
52.0239
52.9593
52.1871
51.1602
50.4444
49.184
49.56
51.6569
52.2833
50.8452
49.212
50.5487
52.1508
52.0593
50.3652
49.0547
48.5824
47.6636
49.9386
53.505
55.4601
55.9292
54.8812
52.2636
49.6405
49.1696
49.1969
49.6585
51.1722
52.1518
51.3764
49.6345
49.24
49.4325
50.5622
52.4327
53.1336
52.5153
50.7375
49.3674
50.1475
50.9089
50.3228
49.016
49.6061
51.6849
52.2787
50.8931
48.9893
50.6212
52.5525
51.9773
49.6261
47.4378
45.9886
48.0408
51.2228
52.4433
51.5967
49.0576
47.6539
51.2358
55.0197
56.7274
56.7063
56.1195
55.4321
53.6711
49.9256
44.7211
43.9678
48.0095
50.5217
51.529
51.9333
50.9438
50.0612
50.4072
49.7072
48.1845
49.6958
52.278
53.2426
53.0041
52.672
52.3235
51.6847
50.7656
49.6681
49.7683
52.1408
54.863
56.1544
55.7469
54.0851
52.3978
51.4482
51.4262
51.0752
49.8733
47.7436
49.2896
53.505
55.7901
55.6818
53.6985
52.1852
51.3822
50.9173
53.8151
56.8584
57.4366
55.8574
54.0942
52.3951
50.9806
53.0852
56.3344
57.5677
56.6799
56.2444
58.8735
60.5875
59.9091
57.4301
56.5717
58.3969
58.4995
55.9026
53.9665
56.504
58.153
57.3827
56.6297
58.7651
60.4676
60.2684
58.3062
57.1726
58.2238
57.9887
